<?xml version="1.0" encoding="UTF-8"?>
<!-- Generated by org.testng.reporters.JUnitReportReporter -->
<testsuite hostname="LTIN208106" failures="0" tests="1" name="Demo.Demo" time="25.384" errors="0" timestamp="2024-02-16T22:53:13 IST" skipped="0">
  <testcase classname="Demo.Demo" name="bookshelves" time="25.384"/>
</testsuite> <!-- Demo.Demo -->
